[2022-05-12T09:24:24.553] [ERROR] error - MongoServerSelectionError: getaddrinfo ENOTFOUND coderhouse-ecommerce-shard-00-00.ys3rp.mongodb.net
    at Timeout._onTimeout (Z:\Repositorios\node-backend-coder\node_modules\mongodb\lib\sdam\topology.js:318:38)
    at listOnTimeout (node:internal/timers:559:17)
    at processTimers (node:internal/timers:502:7) {
  reason: TopologyDescription {
    type: 'ReplicaSetNoPrimary',
    servers: Map(3) {
      'coderhouse-ecommerce-shard-00-00.ys3rp.mongodb.net:27017' => [ServerDescription],
      'coderhouse-ecommerce-shard-00-02.ys3rp.mongodb.net:27017' => [ServerDescription],
      'coderhouse-ecommerce-shard-00-01.ys3rp.mongodb.net:27017' => [ServerDescription]
    },
    stale: false,
    compatible: true,
    heartbeatFrequencyMS: 10000,
    localThresholdMS: 15,
    setName: 'atlas-myatyo-shard-0',
    maxSetVersion: 8,
    maxElectionId: new ObjectId("7fffffff000000000000007f"),
    commonWireVersion: 13,
    logicalSessionTimeoutMinutes: undefined
  },
  code: undefined,
  [Symbol(errorLabels)]: Set(0) {}
}
