[2022-05-09T18:06:41.012] [WARN] warning - [GET]=> /xffsf 
[2022-05-09T18:06:41.130] [WARN] warning - [GET]=> /favicon.ico 
[2022-05-09T18:09:18.408] [WARN] warning - [GET]=> /favicon.ico 
[2022-05-09T18:09:23.920] [WARN] warning - [GET]=> /login-error 
[2022-05-09T18:09:24.041] [WARN] warning - [GET]=> /favicon.ico 
[2022-05-09T18:11:49.484] [WARN] warning - [GET]=> /favicon.ico 
[2022-05-09T18:11:54.331] [WARN] warning - [GET]=> /favicon.ico 
[2022-05-09T18:12:11.903] [WARN] warning - [GET]=> /register-error 
[2022-05-09T18:12:12.049] [WARN] warning - [GET]=> /favicon.ico 
[2022-05-09T18:12:18.540] [WARN] warning - [GET]=> /favicon.ico 
[2022-05-09T18:12:22.104] [WARN] warning - [GET]=> /favicon.ico 
[2022-05-09T18:12:44.930] [WARN] warning - [GET]=> /register-error 
[2022-05-09T18:12:45.031] [WARN] warning - [GET]=> /favicon.ico 
[2022-05-09T18:14:21.180] [WARN] warning - [GET]=> /favicon.ico 
[2022-05-09T18:14:30.812] [WARN] warning - [GET]=> /favicon.ico 
[2022-05-09T18:14:36.082] [WARN] warning - [GET]=> /register-error 
[2022-05-09T18:14:36.180] [WARN] warning - [GET]=> /favicon.ico 
[2022-05-09T18:16:21.113] [WARN] warning - [GET]=> /favicon.ico 
[2022-05-09T18:17:56.879] [WARN] warning - [GET]=> /favicon.ico 
[2022-05-09T18:18:05.219] [WARN] warning - [GET]=> /register-error 
[2022-05-09T18:18:05.308] [WARN] warning - [GET]=> /favicon.ico 
[2022-05-09T18:22:48.768] [WARN] warning - [GET]=> /register-error 
[2022-05-09T18:22:48.879] [WARN] warning - [GET]=> /favicon.ico 
[2022-05-09T18:22:50.021] [WARN] warning - [GET]=> /favicon.ico 
[2022-05-09T18:22:52.951] [WARN] warning - [GET]=> /register-error 
[2022-05-09T18:22:53.038] [WARN] warning - [GET]=> /favicon.ico 
[2022-05-09T18:24:57.094] [WARN] warning - [GET]=> /favicon.ico 
[2022-05-09T18:24:57.598] [WARN] warning - [GET]=> /favicon.ico 
[2022-05-09T18:24:58.329] [WARN] warning - [GET]=> /favicon.ico 
[2022-05-09T18:25:02.901] [WARN] warning - [GET]=> /register-error 
[2022-05-09T18:25:03.022] [WARN] warning - [GET]=> /favicon.ico 
[2022-05-09T18:28:51.593] [WARN] warning - [GET]=> /favicon.ico 
[2022-05-09T18:28:58.979] [WARN] warning - [GET]=> /favicon.ico 
[2022-05-09T18:30:47.000] [WARN] warning - [GET]=> /favicon.ico 
[2022-05-09T18:30:49.851] [WARN] warning - [GET]=> /register-error 
[2022-05-09T18:30:49.951] [WARN] warning - [GET]=> /favicon.ico 
[2022-05-09T18:32:39.850] [WARN] warning - [GET]=> /info 
[2022-05-09T18:32:40.033] [WARN] warning - [GET]=> /favicon.ico 
[2022-05-09T18:35:01.783] [WARN] warning - [GET]=> /favicon.ico 
[2022-05-09T18:35:03.789] [WARN] warning - [GET]=> /favicon.ico 
[2022-05-09T18:35:08.648] [WARN] warning - [GET]=> /register-error 
[2022-05-09T18:35:08.739] [WARN] warning - [GET]=> /favicon.ico 
[2022-05-09T20:52:08.689] [WARN] warning - [GET]=> /favicon.ico 
[2022-05-09T20:52:11.844] [WARN] warning - [GET]=> /favicon.ico 
[2022-05-09T21:37:08.274] [WARN] warning - [GET]=> /api/auth/register 
[2022-05-09T21:37:08.447] [WARN] warning - [GET]=> /favicon.ico 
[2022-05-09T21:37:09.758] [WARN] warning - [GET]=> /favicon.ico 
[2022-05-09T21:37:11.527] [WARN] warning - [GET]=> /favicon.ico 
[2022-05-09T21:49:20.203] [WARN] warning - [GET]=> /favicon.ico 
[2022-05-09T21:49:41.389] [WARN] warning - [GET]=> /favicon.ico 
[2022-05-09T21:49:42.024] [WARN] warning - [GET]=> /favicon.ico 
[2022-05-09T21:52:13.646] [WARN] warning - [GET]=> /favicon.ico 
[2022-05-09T21:52:14.312] [WARN] warning - [GET]=> /favicon.ico 
[2022-05-09T21:53:29.497] [WARN] warning - [GET]=> /favicon.ico 
[2022-05-09T21:53:30.166] [WARN] warning - [GET]=> /favicon.ico 
[2022-05-09T21:55:13.498] [WARN] warning - [GET]=> /favicon.ico 
[2022-05-09T21:56:15.479] [WARN] warning - [GET]=> /favicon.ico 
[2022-05-09T21:56:17.761] [WARN] warning - [GET]=> /favicon.ico 
[2022-05-09T21:56:23.544] [WARN] warning - [GET]=> /register-error 
[2022-05-09T21:56:23.636] [WARN] warning - [GET]=> /favicon.ico 
[2022-05-09T22:02:20.567] [WARN] warning - [GET]=> /favicon.ico 
[2022-05-09T22:06:07.125] [WARN] warning - [GET]=> /favicon.ico 
[2022-05-09T22:06:09.735] [WARN] warning - [GET]=> /favicon.ico 
[2022-05-09T22:06:13.674] [WARN] warning - [GET]=> /register-error 
[2022-05-09T22:06:13.775] [WARN] warning - [GET]=> /favicon.ico 
[2022-05-09T22:08:34.244] [WARN] warning - [GET]=> /favicon.ico 
[2022-05-09T22:16:40.649] [WARN] warning - [GET]=> /favicon.ico 
[2022-05-09T22:16:47.655] [WARN] warning - [GET]=> /register-error 
[2022-05-09T22:16:47.760] [WARN] warning - [GET]=> /favicon.ico 
[2022-05-09T22:18:53.888] [WARN] warning - [GET]=> /favicon.ico 
[2022-05-09T22:19:11.459] [WARN] warning - [GET]=> /favicon.ico 
[2022-05-09T22:19:13.279] [WARN] warning - [GET]=> /favicon.ico 
[2022-05-09T22:21:29.686] [WARN] warning - [GET]=> /favicon.ico 
[2022-05-09T22:21:38.936] [WARN] warning - [GET]=> /login-error 
[2022-05-09T22:21:39.083] [WARN] warning - [GET]=> /favicon.ico 
[2022-05-09T22:29:59.760] [WARN] warning - [GET]=> /favicon.ico 
[2022-05-09T22:30:10.106] [WARN] warning - [GET]=> /favicon.ico 
[2022-05-09T22:30:11.975] [WARN] warning - [GET]=> /favicon.ico 
[2022-05-09T22:30:14.342] [WARN] warning - [GET]=> /favicon.ico 
[2022-05-09T22:30:19.132] [WARN] warning - [GET]=> /login-error 
[2022-05-09T22:30:20.179] [WARN] warning - [GET]=> /favicon.ico 
[2022-05-09T22:35:54.424] [WARN] warning - [GET]=> /favicon.ico 
[2022-05-09T22:36:00.782] [WARN] warning - [GET]=> /login-error 
[2022-05-09T22:36:01.467] [WARN] warning - [GET]=> /favicon.ico 
[2022-05-09T22:39:13.951] [WARN] warning - [GET]=> /favicon.ico 
[2022-05-09T22:39:17.621] [WARN] warning - [GET]=> /favicon.ico 
[2022-05-09T22:39:26.588] [WARN] warning - [GET]=> /login-error 
[2022-05-09T22:39:27.222] [WARN] warning - [GET]=> /favicon.ico 
[2022-05-09T22:40:19.908] [WARN] warning - [GET]=> /favicon.ico 
[2022-05-09T22:40:37.704] [WARN] warning - [GET]=> /login-error 
[2022-05-09T22:40:38.787] [WARN] warning - [GET]=> /favicon.ico 
[2022-05-09T22:40:43.902] [WARN] warning - [GET]=> /favicon.ico 
[2022-05-09T22:41:02.486] [WARN] warning - [GET]=> /login-error 
[2022-05-09T22:41:03.218] [WARN] warning - [GET]=> /favicon.ico 
[2022-05-09T22:41:08.256] [WARN] warning - [GET]=> /favicon.ico 
[2022-05-09T22:41:09.398] [WARN] warning - [GET]=> /favicon.ico 
[2022-05-09T22:41:14.854] [WARN] warning - [GET]=> /login-error 
[2022-05-09T22:41:17.322] [WARN] warning - [GET]=> /favicon.ico 
[2022-05-09T22:41:37.350] [WARN] warning - [GET]=> /favicon.ico 
[2022-05-09T22:42:47.585] [WARN] warning - [GET]=> /favicon.ico 
[2022-05-09T22:42:48.556] [WARN] warning - [GET]=> /favicon.ico 
[2022-05-09T22:42:51.005] [WARN] warning - [GET]=> /login-error 
[2022-05-09T22:42:51.812] [WARN] warning - [GET]=> /favicon.ico 
[2022-05-09T22:42:57.244] [WARN] warning - [GET]=> /favicon.ico 
[2022-05-09T22:43:31.344] [WARN] warning - [GET]=> /favicon.ico 
[2022-05-09T22:43:36.038] [WARN] warning - [GET]=> /login-error 
[2022-05-09T22:43:36.663] [WARN] warning - [GET]=> /favicon.ico 
[2022-05-09T22:43:45.356] [WARN] warning - [GET]=> /favicon.ico 
[2022-05-09T22:47:53.185] [WARN] warning - [GET]=> /favicon.ico 
[2022-05-09T22:47:56.871] [WARN] warning - [GET]=> /login-error 
